0 info it worked if it ends with ok
1 verbose cli [ 'C:\\Program Files\\nodejs\\\\node.exe',
1 verbose cli   'C:\\Program Files\\nodejs\\node_modules\\npm\\bin\\npm-cli.js',
1 verbose cli   'publish' ]
2 info using npm@2.9.1
3 info using node@v0.12.3
4 verbose node symlink C:\Program Files\nodejs\\node.exe
5 verbose publish [ '.' ]
6 silly cache add args [ '.', null ]
7 verbose cache add spec .
8 silly cache add parsed spec { raw: '.',
8 silly cache add   scope: null,
8 silly cache add   name: null,
8 silly cache add   rawSpec: '.',
8 silly cache add   spec: 'C:\\My\\Private\\Dev\\boilerplates\\node-react-iso',
8 silly cache add   type: 'directory' }
9 verbose addLocalDirectory C:\Users\Shlomi\AppData\Roaming\npm-cache\slush-node-react-iso\0.0.1\package.tgz not in flight; packing
10 verbose tar pack [ 'C:\\Users\\Shlomi\\AppData\\Roaming\\npm-cache\\slush-node-react-iso\\0.0.1\\package.tgz',
10 verbose tar pack   'C:\\My\\Private\\Dev\\boilerplates\\node-react-iso' ]
11 verbose tarball C:\Users\Shlomi\AppData\Roaming\npm-cache\slush-node-react-iso\0.0.1\package.tgz
12 verbose folder C:\My\Private\Dev\boilerplates\node-react-iso
13 info prepublish slush-node-react-iso@0.0.1
14 verbose addLocalTarball adding from inside cache C:\Users\Shlomi\AppData\Roaming\npm-cache\slush-node-react-iso\0.0.1\package.tgz
15 silly cache afterAdd slush-node-react-iso@0.0.1
16 verbose afterAdd C:\Users\Shlomi\AppData\Roaming\npm-cache\slush-node-react-iso\0.0.1\package\package.json not in flight; writing
17 verbose afterAdd C:\Users\Shlomi\AppData\Roaming\npm-cache\slush-node-react-iso\0.0.1\package\package.json written
18 silly publish { name: 'slush-node-react-iso',
18 silly publish   version: '0.0.1',
18 silly publish   description: 'My slush generator for NodeJS + ReactJS + Flux with Isomorphic JavaScript support',
18 silly publish   main: 'slushfile.js',
18 silly publish   keywords:
18 silly publish    [ 'slushgenerator',
18 silly publish      'node',
18 silly publish      'nodejs',
18 silly publish      'react',
18 silly publish      'reactjs',
18 silly publish      'isomorphic' ],
18 silly publish   dependencies:
18 silly publish    { gulp: '^3.5.6',
18 silly publish      'gulp-template': '~0.1.1',
18 silly publish      'gulp-install': '~0.1.1',
18 silly publish      'gulp-conflict': '~0.1.1',
18 silly publish      'gulp-rename': '~1.2.0',
18 silly publish      inquirer: '~0.4.1' },
18 silly publish   repository:
18 silly publish    { type: 'git',
18 silly publish      url: 'git+https://github.com/shlomisas/slush-node-react-iso.git' },
18 silly publish   author: { name: 'Shlomi Sasson' },
18 silly publish   license: 'MIT',
18 silly publish   readme: '# Slush generator for NodeJS + ReactJS + Flux with Isomorphic support\r\n\r\nAll written in ES6-7 with babel support \r\n\r\nContain the following major frameworks/components:\r\n\r\n* [Express](http://expressjs.com/)\r\n* [Mongoose](http://mongoosejs.com/)\r\n* [Passport](http://passportjs.org/)\r\n* [React](http://facebook.github.io/react/)\r\n* [Alt (for flux)](altjs.org)\r\n* [ISO (for isomorphic)](https://www.npmjs.com/package/iso)\r\n* [Webpack](https://webpack.github.io/)\r\n* [Mocha](https://mochajs.org/) (may replace)\r\n* [Chai](http://chaijs.com/) (may replace)\r\n* [Sinon](http://sinonjs.org/) (may replace)\r\n\r\nAfter clone/download this repo run:\r\n\r\n- `npm install -g slush-node-react-iso`      \r\n- `slush node-react-iso`\r\n\r\nAfter answer all questions, and install all NPM\'s run:  \r\n\r\n- `gulp init`\r\n- `gulp build-all`  \r\n- `cd dist/server`  \r\n* `node app.js`  \r\n\r\nThan go to your browser and run:\r\n\r\n`http://\\<your-selected-domain\\>:\\<your-selected-port\\>`  \r\np.s. Your-selected-domain and your-selected-port is what your choise during the slush installation\r\n\r\nNotes:\r\n\r\n    * The generator just built quick-and-dirty, need to improve more and will change serioucly from time to time (if i\'ll have time:), so consider it as 85% ready to use..\r\n\r\n',
18 silly publish   readmeFilename: 'README.md',
18 silly publish   gitHead: '1d459dd1cd0e02faf12b6c48bb5aecfb5df10325',
18 silly publish   bugs: { url: 'https://github.com/shlomisas/slush-node-react-iso/issues' },
18 silly publish   homepage: 'https://github.com/shlomisas/slush-node-react-iso#readme',
18 silly publish   _id: 'slush-node-react-iso@0.0.1',
18 silly publish   scripts: {},
18 silly publish   _shasum: '0664c05fd63a56e4d807ec1b045bb55040896797',
18 silly publish   _from: '.' }
19 verbose getPublishConfig undefined
20 silly mapToRegistry name slush-node-react-iso
21 silly mapToRegistry using default registry
22 silly mapToRegistry registry https://registry.npmjs.org/
23 silly mapToRegistry uri https://registry.npmjs.org/slush-node-react-iso
24 verbose publish registryBase https://registry.npmjs.org/
25 silly publish uploading C:\Users\Shlomi\AppData\Roaming\npm-cache\slush-node-react-iso\0.0.1\package.tgz
26 verbose request uri https://registry.npmjs.org/slush-node-react-iso
27 verbose request sending authorization for write operation
28 info attempt registry request try #1 at 12:38:58
29 verbose request using bearer token for auth
30 verbose request id 4009294fda42ce19
31 http request PUT https://registry.npmjs.org/slush-node-react-iso
32 http 403 https://registry.npmjs.org/slush-node-react-iso
33 verbose headers { 'content-type': 'application/json',
33 verbose headers   'cache-control': 'max-age=60',
33 verbose headers   'content-length': '95',
33 verbose headers   'accept-ranges': 'bytes',
33 verbose headers   date: 'Sun, 06 Sep 2015 09:38:54 GMT',
33 verbose headers   via: '1.1 varnish',
33 verbose headers   connection: 'keep-alive',
33 verbose headers   'x-served-by': 'cache-lhr6323-LHR',
33 verbose headers   'x-cache': 'MISS',
33 verbose headers   'x-cache-hits': '0',
33 verbose headers   'x-timer': 'S1441532333.398021,VS0,VE1082' }
34 verbose request invalidating C:\Users\Shlomi\AppData\Roaming\npm-cache\registry.npmjs.org\slush-node-react-iso on PUT
35 error publish Failed PUT 403
36 verbose stack Error: "You cannot publish over the previously published version 0.0.1." : slush-node-react-iso
36 verbose stack     at CachingRegistryClient.<anonymous> (C:\Program Files\nodejs\node_modules\npm\node_modules\npm-registry-client\lib\request.js:247:14)
36 verbose stack     at Request._callback (C:\Program Files\nodejs\node_modules\npm\node_modules\npm-registry-client\lib\request.js:170:14)
36 verbose stack     at Request.self.callback (C:\Program Files\nodejs\node_modules\npm\node_modules\request\request.js:368:22)
36 verbose stack     at Request.emit (events.js:110:17)
36 verbose stack     at Request.<anonymous> (C:\Program Files\nodejs\node_modules\npm\node_modules\request\request.js:1219:14)
36 verbose stack     at Request.emit (events.js:129:20)
36 verbose stack     at IncomingMessage.<anonymous> (C:\Program Files\nodejs\node_modules\npm\node_modules\request\request.js:1167:12)
36 verbose stack     at IncomingMessage.emit (events.js:129:20)
36 verbose stack     at _stream_readable.js:908:16
36 verbose stack     at process._tickCallback (node.js:355:11)
37 verbose statusCode 403
38 verbose pkgid slush-node-react-iso
39 verbose cwd C:\My\Private\Dev\boilerplates\node-react-iso
40 error Windows_NT 6.1.7601
41 error argv "C:\\Program Files\\nodejs\\\\node.exe" "C:\\Program Files\\nodejs\\node_modules\\npm\\bin\\npm-cli.js" "publish"
42 error node v0.12.3
43 error npm  v2.9.1
44 error code E403
45 error "You cannot publish over the previously published version 0.0.1." : slush-node-react-iso
46 error If you need help, you may report this error at:
46 error     <https://github.com/npm/npm/issues>
47 verbose exit [ 1, true ]
